2026-03-24 23:19:44,052 | INFO | Automacao iniciada. Controles: P pausa, R retoma, S para.
2026-03-24 23:19:44,067 | INFO | Iniciando etapa: macro_004.py
2026-03-24 23:19:46,755 | INFO | Etapa concluida com sucesso: macro_004.py
2026-03-24 23:19:46,786 | INFO | Iniciando etapa: macro_001.py
2026-03-24 23:42:41,131 | INFO | Automacao iniciada. Controles: P pausa, R retoma, S para.
2026-03-24 23:42:41,134 | INFO | Iniciando etapa: macro_004.py
2026-03-24 23:42:43,954 | INFO | Etapa concluida com sucesso: macro_004.py
2026-03-24 23:42:44,029 | INFO | Iniciando etapa: macro_001.py
2026-03-24 23:47:21,091 | INFO | Automacao iniciada. Controles: F8 pausa, F9 retoma, F10 para (P/R/S no console).
2026-03-24 23:47:21,105 | INFO | Iniciando etapa: macro_004.py
2026-03-24 23:47:23,890 | INFO | Etapa concluida com sucesso: macro_004.py
2026-03-24 23:47:23,902 | INFO | Iniciando etapa: macro_001.py
2026-03-24 23:49:05,574 | INFO | Etapa concluida com sucesso: macro_001.py
2026-03-24 23:49:05,575 | INFO | Iniciando etapa: macro_002.py
2026-03-24 23:49:36,581 | WARNING | Parada solicitada durante macro_002.py: Parada solicitada. Encerrando macro.
2026-03-24 23:50:20,312 | INFO | Automacao iniciada. Controles: F8 pausa, F9 retoma, F10 para (P/R/S no console).
2026-03-24 23:50:20,314 | INFO | Iniciando etapa: macro_004.py
2026-03-24 23:50:22,953 | INFO | Etapa concluida com sucesso: macro_004.py
2026-03-24 23:50:22,957 | INFO | Iniciando etapa: macro_001.py
2026-03-24 23:51:47,210 | INFO | Etapa concluida com sucesso: macro_001.py
2026-03-24 23:51:47,213 | INFO | Iniciando etapa: macro_002.py
2026-03-24 23:53:43,345 | INFO | Etapa concluida com sucesso: macro_002.py
2026-03-24 23:53:43,346 | INFO | Iniciando etapa: macro_003.py
2026-03-24 23:53:57,864 | WARNING | Parada solicitada durante macro_003.py: Parada solicitada. Encerrando macro.
2026-03-25 01:21:10,971 | INFO | Automacao iniciada. Controles: F8 pausa, F9 retoma, F10 para (P/R/S no console).
2026-03-25 01:21:10,972 | INFO | Iniciando etapa: macro_004.py
2026-03-25 01:21:13,668 | INFO | Etapa concluida com sucesso: macro_004.py
2026-03-25 01:21:13,685 | INFO | Iniciando etapa: macro_001.py
2026-03-25 01:21:52,318 | WARNING | Parada solicitada durante macro_001.py: Parada solicitada. Encerrando macro.
2026-03-25 01:30:32,821 | INFO | Automacao iniciada. Controles: F8 pausa, F9 retoma, F10 para (P/R/S no console).
2026-03-25 01:30:32,822 | INFO | Iniciando etapa: macro_004.py
2026-03-25 01:30:35,509 | INFO | Etapa concluida com sucesso: macro_004.py
2026-03-25 01:30:35,520 | INFO | Iniciando etapa: macro_001.py
2026-03-25 01:34:41,547 | WARNING | Parada solicitada durante macro_001.py: Parada solicitada. Encerrando macro.
2026-03-25 01:57:59,490 | INFO | Automacao iniciada. Controles: F8 pausa, F9 retoma, F10 para (P/R/S no console).
2026-03-25 01:57:59,582 | INFO | Iniciando etapa: macro_004.py
2026-03-25 01:58:02,523 | INFO | Etapa concluida com sucesso: macro_004.py
2026-03-25 01:58:02,527 | INFO | Iniciando etapa: macro_001.py
2026-03-25 01:58:40,055 | WARNING | Parada solicitada durante macro_001.py: Parada solicitada. Encerrando macro.
2026-03-25 01:59:15,194 | INFO | Automacao iniciada. Controles: F8 pausa, F9 retoma, F10 para (P/R/S no console).
2026-03-25 01:59:15,195 | INFO | Iniciando etapa: macro_004.py
2026-03-25 01:59:17,878 | INFO | Etapa concluida com sucesso: macro_004.py
2026-03-25 01:59:17,880 | INFO | Iniciando etapa: macro_001.py
2026-03-25 02:00:48,162 | WARNING | Parada solicitada durante macro_001.py: Parada solicitada. Encerrando macro.
2026-03-25 02:07:59,159 | INFO | Automacao iniciada. Controles: F8 pausa, F9 retoma, F10 para (P/R/S no console).
2026-03-25 02:07:59,161 | INFO | Iniciando etapa: macro_004.py
2026-03-25 02:08:01,900 | INFO | Etapa concluida com sucesso: macro_004.py
2026-03-25 02:08:01,990 | INFO | Iniciando etapa: macro_001.py
2026-03-25 02:10:23,257 | ERROR | Falha na etapa macro_001.py: Timeout esperando pixel (20,224) ficar (247, 73, 73) (tolerancia 0).
Traceback (most recent call last):
  File "C:\Users\davi.souza\Desktop\KKKKKKKK\executar_tudo.py", line 98, in main
    executar_macro(macro)
    ~~~~~~~~~~~~~~^^^^^^^
  File "C:\Users\davi.souza\Desktop\KKKKKKKK\executar_tudo.py", line 22, in executar_macro
    mod.play()
    ~~~~~~~~^^
  File "C:\Users\davi.souza\Desktop\KKKKKKKK\macro_001.py", line 1092, in play
    if handle_custom_event(kind, data, controller):
       ~~~~~~~~~~~~~~~~~~~^^^^^^^^^^^^^^^^^^^^^^^^
  File "C:\Users\davi.souza\Desktop\KKKKKKKK\macro_controls.py", line 116, in handle_custom_event
    _wait_for_pixel(
    ~~~~~~~~~~~~~~~^
        x,
        ^^
    ...<7 lines>...
        error_on_timeout,
        ^^^^^^^^^^^^^^^^^
    )
    ^
  File "C:\Users\davi.souza\Desktop\KKKKKKKK\macro_controls.py", line 176, in _wait_for_pixel
    raise RuntimeError(
    ...<2 lines>...
    )
RuntimeError: Timeout esperando pixel (20,224) ficar (247, 73, 73) (tolerancia 0).
2026-03-25 02:18:01,063 | INFO | Automacao iniciada. Controles: F8 pausa, F9 retoma, F10 para (P/R/S no console).
2026-03-25 02:18:01,064 | INFO | Iniciando etapa: macro_004.py
2026-03-25 02:18:03,758 | INFO | Etapa concluida com sucesso: macro_004.py
2026-03-25 02:18:03,797 | INFO | Iniciando etapa: macro_001.py
2026-03-25 02:20:25,171 | ERROR | Falha na etapa macro_001.py: Timeout esperando pixel (20,224) ficar (247, 73, 73) (tolerancia 0) em 120.0s. Contexto: macro_001 #0207.
2026-03-25 02:20:25,172 | ERROR | Automacao encerrada com erro.
2026-03-25 02:45:34,574 | INFO | Automacao iniciada. Controles: F8 pausa, F9 retoma, F10 para (P/R/S no console).
2026-03-25 02:45:34,577 | INFO | Iniciando etapa: macro_004.py
2026-03-25 02:45:37,461 | INFO | Etapa concluida com sucesso: macro_004.py
2026-03-25 02:45:37,484 | INFO | Iniciando etapa: macro_001.py
2026-03-25 02:45:37,547 | ERROR | Falha na etapa macro_001.py: unexpected character after line continuation character (macro_001.py, line 1076)
2026-03-25 02:45:37,548 | ERROR | Automacao encerrada com erro.
2026-03-25 02:52:32,136 | INFO | Automacao iniciada. Controles: F8 pausa, F9 retoma, F10 para (P/R/S no console).
2026-03-25 02:52:32,137 | INFO | Iniciando etapa: macro_004.py
2026-03-25 02:52:34,784 | INFO | Etapa concluida com sucesso: macro_004.py
2026-03-25 02:52:34,787 | INFO | Iniciando etapa: macro_001.py
2026-03-25 02:54:19,211 | WARNING | Parada solicitada durante macro_001.py: Parada solicitada. Encerrando macro.
2026-03-25 02:54:29,981 | INFO | Automacao iniciada. Controles: F8 pausa, F9 retoma, F10 para (P/R/S no console).
2026-03-25 02:54:29,982 | INFO | Iniciando etapa: macro_004.py
2026-03-25 02:54:32,614 | INFO | Etapa concluida com sucesso: macro_004.py
2026-03-25 02:54:32,660 | INFO | Iniciando etapa: macro_001.py
2026-03-25 03:04:48,609 | WARNING | Parada solicitada durante macro_001.py: Parada solicitada. Encerrando macro.
2026-03-25 03:05:02,515 | INFO | Automacao iniciada. Controles: F8 pausa, F9 retoma, F10 para (P/R/S no console).
2026-03-25 03:05:02,516 | INFO | Iniciando etapa: macro_004.py
2026-03-25 03:05:05,271 | INFO | Etapa concluida com sucesso: macro_004.py
2026-03-25 03:05:05,272 | INFO | Iniciando etapa: macro_001.py
2026-03-25 03:06:16,580 | WARNING | Parada solicitada durante macro_001.py: Parada solicitada. Encerrando macro.
2026-03-25 03:16:08,881 | INFO | Automacao iniciada. Controles: F8 pausa, F9 retoma, F10 para (P/R/S no console).
2026-03-25 03:16:08,886 | INFO | Iniciando etapa: macro_004.py
2026-03-25 03:16:11,556 | INFO | Etapa concluida com sucesso: macro_004.py
2026-03-25 03:16:11,558 | INFO | Iniciando etapa: macro_001.py
2026-03-25 03:16:34,058 | WARNING | Parada solicitada durante macro_001.py: Parada solicitada. Encerrando macro.
2026-03-25 03:16:55,815 | INFO | Automacao iniciada. Controles: F8 pausa, F9 retoma, F10 para (P/R/S no console).
2026-03-25 03:16:55,816 | INFO | Iniciando etapa: macro_004.py
2026-03-25 03:16:58,506 | INFO | Etapa concluida com sucesso: macro_004.py
2026-03-25 03:16:58,513 | INFO | Iniciando etapa: macro_001.py
2026-03-25 03:19:08,429 | INFO | Etapa concluida com sucesso: macro_001.py
2026-03-25 03:19:08,437 | INFO | Iniciando etapa: macro_002.py
2026-03-25 03:20:00,381 | WARNING | Parada solicitada durante macro_002.py: Parada solicitada. Encerrando macro.
2026-03-25 03:21:26,653 | INFO | Automacao iniciada. Controles: F8 pausa, F9 retoma, F10 para (P/R/S no console).
2026-03-25 03:21:26,654 | INFO | Iniciando etapa: macro_004.py
2026-03-25 03:21:29,297 | INFO | Etapa concluida com sucesso: macro_004.py
2026-03-25 03:21:29,304 | INFO | Iniciando etapa: macro_001.py
2026-03-25 03:23:09,158 | INFO | Etapa concluida com sucesso: macro_001.py
2026-03-25 03:23:09,162 | INFO | Iniciando etapa: macro_002.py
2026-03-25 03:25:05,372 | INFO | Etapa concluida com sucesso: macro_002.py
2026-03-25 03:25:05,374 | INFO | Iniciando etapa: macro_003.py
2026-03-25 03:25:06,863 | WARNING | Parada solicitada durante macro_003.py: Parada solicitada. Encerrando macro.
2026-03-25 03:29:07,390 | INFO | Automacao iniciada. Controles: F8 pausa, F9 retoma, F10 para (P/R/S no console).
2026-03-25 03:29:07,391 | INFO | Iniciando etapa: macro_004.py
2026-03-25 03:29:10,095 | INFO | Etapa concluida com sucesso: macro_004.py
2026-03-25 03:29:10,160 | INFO | Iniciando etapa: macro_002.py
2026-03-25 03:31:43,029 | WARNING | Parada solicitada durante macro_002.py: Parada solicitada. Encerrando macro.
2026-03-25 03:36:11,858 | INFO | Automacao iniciada. Controles: F8 pausa, F9 retoma, F10 para (P/R/S no console).
2026-03-25 03:36:11,859 | INFO | Iniciando etapa: macro_004.py
2026-03-25 03:36:14,533 | INFO | Etapa concluida com sucesso: macro_004.py
2026-03-25 03:36:14,544 | INFO | Iniciando etapa: macro_002.py
2026-03-25 03:39:16,481 | INFO | Etapa concluida com sucesso: macro_002.py
2026-03-25 03:39:16,484 | INFO | Iniciando etapa: macro_003.py
2026-03-25 03:42:30,209 | WARNING | Parada solicitada durante macro_003.py: Parada solicitada. Encerrando macro.
2026-03-25 03:49:52,870 | INFO | Automacao iniciada. Controles: F8 pausa, F9 retoma, F10 para (P/R/S no console).
2026-03-25 03:49:52,871 | INFO | Iniciando etapa: macro_004.py
2026-03-25 03:49:55,540 | INFO | Etapa concluida com sucesso: macro_004.py
2026-03-25 03:49:55,542 | INFO | Iniciando etapa: macro_002.py
2026-03-25 03:50:04,848 | WARNING | Parada solicitada durante macro_002.py: Parada solicitada. Encerrando macro.
2026-03-25 03:50:19,799 | INFO | Automacao iniciada. Controles: F8 pausa, F9 retoma, F10 para (P/R/S no console).
2026-03-25 03:50:19,800 | INFO | Iniciando etapa: macro_001.py
2026-03-25 03:51:02,113 | INFO | Automacao iniciada. Controles: F8 pausa, F9 retoma, F10 para (P/R/S no console).
2026-03-25 03:51:02,114 | INFO | Iniciando etapa: macro_001.py
2026-03-25 04:11:55,352 | INFO | Automacao iniciada. Controles: F8 pausa, F9 retoma, F10 para (P/R/S no console).
2026-03-25 04:11:55,354 | INFO | Iniciando etapa: macro_004.py
2026-03-25 04:11:58,079 | INFO | Etapa concluida com sucesso: macro_004.py
2026-03-25 04:11:58,086 | INFO | Iniciando etapa: macro_001.py
2026-03-25 04:12:30,303 | WARNING | Parada solicitada durante macro_001.py: Parada solicitada. Encerrando macro.
2026-03-25 04:13:03,901 | INFO | Automacao iniciada. Controles: F8 pausa, F9 retoma, F10 para (P/R/S no console).
2026-03-25 04:13:03,902 | INFO | Iniciando etapa: macro_004.py
2026-03-25 04:13:06,563 | INFO | Etapa concluida com sucesso: macro_004.py
2026-03-25 04:13:06,572 | INFO | Iniciando etapa: macro_001.py
2026-03-25 04:14:46,312 | INFO | Etapa concluida com sucesso: macro_001.py
2026-03-25 04:14:46,313 | INFO | Iniciando etapa: macro_002.py
2026-03-25 04:17:44,479 | INFO | Etapa concluida com sucesso: macro_002.py
2026-03-25 04:17:44,480 | INFO | Iniciando etapa: macro_003.py
2026-03-25 04:19:28,491 | WARNING | Parada solicitada durante macro_003.py: Parada solicitada. Encerrando macro.
2026-03-25 04:21:14,036 | INFO | Automacao iniciada. Controles: F8 pausa, F9 retoma, F10 para (P/R/S no console).
2026-03-25 04:21:14,037 | INFO | Iniciando etapa: macro_004.py
2026-03-25 04:21:16,717 | INFO | Etapa concluida com sucesso: macro_004.py
2026-03-25 04:21:16,746 | INFO | Iniciando etapa: macro_001.py
2026-03-25 04:22:56,047 | INFO | Etapa concluida com sucesso: macro_001.py
2026-03-25 04:22:56,056 | INFO | Iniciando etapa: macro_002.py
2026-03-25 04:25:52,356 | INFO | Etapa concluida com sucesso: macro_002.py
2026-03-25 04:25:52,358 | INFO | Iniciando etapa: macro_003.py
2026-03-25 04:28:35,767 | ERROR | Falha na etapa macro_003.py: Timeout esperando pixel (502,594) ficar (240, 240, 240) (tolerancia 0) em 120.0s. Contexto: macro_003 wait_pixel.
2026-03-25 04:28:35,768 | ERROR | Automacao encerrada com erro.
2026-03-25 04:31:22,576 | INFO | Automacao iniciada. Controles: F8 pausa, F9 retoma, F10 para (P/R/S no console).
2026-03-25 04:31:22,577 | INFO | Iniciando etapa: macro_004.py
2026-03-25 04:31:25,228 | INFO | Etapa concluida com sucesso: macro_004.py
2026-03-25 04:31:25,236 | INFO | Iniciando etapa: macro_001.py
2026-03-25 04:33:03,646 | INFO | Etapa concluida com sucesso: macro_001.py
2026-03-25 04:33:03,648 | INFO | Iniciando etapa: macro_002.py
2026-03-25 04:36:02,478 | INFO | Etapa concluida com sucesso: macro_002.py
2026-03-25 04:36:02,479 | INFO | Iniciando etapa: macro_003.py
2026-03-25 04:41:37,333 | INFO | Etapa concluida com sucesso: macro_003.py
2026-03-25 04:41:37,333 | INFO | Automacao finalizada com sucesso.
